<?xml version="1.0" encoding="UTF-8"?>
<!-- Generated by org.testng.reporters.JUnitXMLReporter -->
<testsuite ignored="0" hostname="GUDAYASHANKAR10A" failures="0" tests="3" name="Default test" time="107.329" errors="0" timestamp="2023-11-22T15:32:33 IST">
  <testcase classname="testcases.Verify_CycleCountOrder_Imported_Successfully" name="CycleCountOrder_import" time="24.078"/>
  <testcase classname="testcases.Verify_CycleCountOrder_Imported_Successfully" name="Verify_CycleCountOrder_Import_In_Interface_Import_Transactions" time="39.602"/>
  <testcase classname="testcases.Verify_CycleCountOrder_Imported_Successfully" name="Verify_CycleCountOrder_In_View_All_CycleCountOrders" time="27.113"/>
</testsuite> <!-- Default test -->
